Determining if the pthread_create exist failed with the following output:
Change Dir: /home/gongkaka/qt_workspace/src/pcl_preprocessing/build/CMakeFiles/CMakeTmp

Run Build Command:"/usr/bin/make" "cmTC_606f3/fast"
/usr/bin/make -f CMakeFiles/cmTC_606f3.dir/build.make CMakeFiles/cmTC_606f3.dir/build
make[1]: Entering directory `/home/gongkaka/qt_workspace/src/pcl_preprocessing/build/CMakeFiles/CMakeTmp'
Building C object CMakeFiles/cmTC_606f3.dir/CheckSymbolExists.c.o
/usr/bin/gcc     -o CMakeFiles/cmTC_606f3.dir/CheckSymbolExists.c.o   -c /home/gongkaka/qt_workspace/src/pcl_preprocessing/build/CMakeFiles/CMakeTmp/CheckSymbolExists.c
Linking C executable cmTC_606f3
/usr/local/bin/cmake -E cmake_link_script CMakeFiles/cmTC_606f3.dir/link.txt --verbose=1
/usr/bin/gcc       CMakeFiles/cmTC_606f3.dir/CheckSymbolExists.c.o  -o cmTC_606f3 -rdynamic 
CMakeFiles/cmTC_606f3.dir/CheckSymbolExists.c.o: In function `main':
CheckSymbolExists.c:(.text+0x16): undefined reference to `pthread_create'
collect2: error: ld returned 1 exit status
make[1]: *** [cmTC_606f3] Error 1
make[1]: Leaving directory `/home/gongkaka/qt_workspace/src/pcl_preprocessing/build/CMakeFiles/CMakeTmp'
make: *** [cmTC_606f3/fast] Error 2

File /home/gongkaka/qt_workspace/src/pcl_preprocessing/build/CMakeFiles/CMakeTmp/CheckSymbolExists.c:
/* */
#include <pthread.h>

int main(int argc, char** argv)
{
  (void)argv;
#ifndef pthread_create
  return ((int*)(&pthread_create))[argc];
#else
  (void)argc;
  return 0;
#endif
}

Determining if the function pthread_create exists in the pthreads failed with the following output:
Change Dir: /home/gongkaka/qt_workspace/src/pcl_preprocessing/build/CMakeFiles/CMakeTmp

Run Build Command:"/usr/bin/make" "cmTC_1f4f0/fast"
/usr/bin/make -f CMakeFiles/cmTC_1f4f0.dir/build.make CMakeFiles/cmTC_1f4f0.dir/build
make[1]: Entering directory `/home/gongkaka/qt_workspace/src/pcl_preprocessing/build/CMakeFiles/CMakeTmp'
Building C object CMakeFiles/cmTC_1f4f0.dir/CheckFunctionExists.c.o
/usr/bin/gcc    -DCHECK_FUNCTION_EXISTS=pthread_create   -o CMakeFiles/cmTC_1f4f0.dir/CheckFunctionExists.c.o   -c /usr/local/share/cmake-3.5/Modules/CheckFunctionExists.c
Linking C executable cmTC_1f4f0
/usr/local/bin/cmake -E cmake_link_script CMakeFiles/cmTC_1f4f0.dir/link.txt --verbose=1
/usr/bin/gcc   -DCHECK_FUNCTION_EXISTS=pthread_create    CMakeFiles/cmTC_1f4f0.dir/CheckFunctionExists.c.o  -o cmTC_1f4f0 -rdynamic -lpthreads 
/usr/bin/ld: cannot find -lpthreads
collect2: error: ld returned 1 exit status
make[1]: *** [cmTC_1f4f0] Error 1
make[1]: Leaving directory `/home/gongkaka/qt_workspace/src/pcl_preprocessing/build/CMakeFiles/CMakeTmp'
make: *** [cmTC_1f4f0/fast] Error 2


